<?xml version="1.0" encoding="UTF-8"?>
<testng-results skipped="0" failed="0" ignored="0" total="1" passed="1">
  <reporter-output>
  </reporter-output>
  <suite name="SlackAutomationSuite" duration-ms="45479" started-at="2022-02-10T12:09:56 EST" finished-at="2022-02-10T12:10:41 EST">
    <groups>
    </groups>
    <test name="Test" duration-ms="45479" started-at="2022-02-10T12:09:56 EST" finished-at="2022-02-10T12:10:41 EST">
      <class name="com.slack.assignment.testScripts.slackAutomationTask">
        <test-method status="PASS" signature="loadProperties()[pri:0, instance:com.slack.assignment.testScripts.slackAutomationTask@32709393]" name="loadProperties" is-config="true" duration-ms="16" started-at="2022-02-10T12:09:56 EST" finished-at="2022-02-10T12:09:56 EST">
          <reporter-output>
          </reporter-output>
        </test-method> <!-- loadProperties -->
        <test-method status="PASS" signature="setUp(java.lang.String,java.lang.String)[pri:0, instance:com.slack.assignment.testScripts.slackAutomationTask@32709393]" name="setUp" is-config="true" duration-ms="6566" started-at="2022-02-10T12:09:57 EST" finished-at="2022-02-10T12:10:04 EST">
          <params>
            <param index="0">
              <value>
                <![CDATA[Chrome]]>
              </value>
            </param>
            <param index="1">
              <value>
                <![CDATA[assignment]]>
              </value>
            </param>
          </params>
          <reporter-output>
          </reporter-output>
        </test-method> <!-- setUp -->
        <test-method status="PASS" signature="login()[pri:0, instance:com.slack.assignment.testScripts.slackAutomationTask@32709393]" name="login" is-config="true" duration-ms="13235" started-at="2022-02-10T12:10:04 EST" finished-at="2022-02-10T12:10:17 EST">
          <reporter-output>
          </reporter-output>
        </test-method> <!-- login -->
        <test-method status="PASS" signature="slackAssignmentTask()[pri:0, instance:com.slack.assignment.testScripts.slackAutomationTask@32709393]" name="slackAssignmentTask" duration-ms="23185" started-at="2022-02-10T12:10:17 EST" finished-at="2022-02-10T12:10:40 EST">
          <reporter-output>
          </reporter-output>
        </test-method> <!-- slackAssignmentTask -->
        <test-method status="PASS" signature="tearDown()[pri:0, instance:com.slack.assignment.testScripts.slackAutomationTask@32709393]" name="tearDown" is-config="true" duration-ms="1258" started-at="2022-02-10T12:10:40 EST" finished-at="2022-02-10T12:10:41 EST">
          <reporter-output>
          </reporter-output>
        </test-method> <!-- tearDown -->
      </class> <!-- com.slack.assignment.testScripts.slackAutomationTask -->
    </test> <!-- Test -->
  </suite> <!-- SlackAutomationSuite -->
</testng-results>
